SF:lib/data/api/response/fluttour_response.dart
DA:6,1
DA:20,0
DA:21,0
DA:22,0
LF:4
LH:1
end_of_record
SF:lib/data/api/response/fluttour_response.g.dart
DA:9,0
DA:10,0
DA:11,0
DA:12,0
DA:13,0
DA:14,0
DA:15,0
DA:18,0
DA:19,0
DA:20,0
DA:21,0
DA:22,0
DA:23,0
DA:24,0
LF:14
LH:0
end_of_record
SF:lib/data/error_response.dart
DA:6,2
DA:8,0
DA:9,0
DA:15,0
DA:19,1
DA:23,1
DA:27,1
LF:7
LH:4
end_of_record
SF:lib/data/translator/base_translator.dart
DA:5,0
DA:6,0
DA:9,0
DA:10,0
DA:13,1
DA:14,1
LF:6
LH:2
end_of_record
SF:lib/data/translator/home_translator.dart
DA:6,1
DA:7,1
DA:8,1
DA:9,1
DA:10,1
DA:11,1
LF:6
LH:6
end_of_record
SF:lib/domain/model/failure.dart
DA:3,1
LF:1
LH:1
end_of_record
SF:lib/domain/model/fluttour.dart
DA:4,1
DA:15,0
DA:16,0
DA:17,0
DA:18,0
DA:19,0
DA:20,0
DA:23,0
DA:24,0
DA:25,0
DA:26,0
DA:27,0
LF:12
LH:1
end_of_record
SF:lib/domain/usecase/home/home_usecase.dart
DA:8,1
DA:12,1
DA:14,2
DA:15,2
DA:16,1
DA:17,1
DA:18,1
LF:7
LH:7
end_of_record
SF:lib/util/app_mixin.dart
DA:5,0
DA:7,0
DA:8,0
DA:9,0
DA:10,0
DA:15,0
DA:20,0
DA:21,0
DA:22,0
DA:23,0
DA:24,0
LF:11
LH:0
end_of_record
SF:lib/data/repository/home_repository.dart
DA:11,0
DA:15,0
DA:17,0
DA:19,0
DA:21,0
DA:23,0
DA:26,0
DA:29,0
LF:8
LH:0
end_of_record
